<?xml version="1.0" encoding="UTF-8"?>
<!-- Generated by org.testng.reporters.JUnitReportReporter -->
<testsuite hostname="DESKTOP-I797OE1" failures="0" tests="1" name="com.testcase.SignupTest" time="31.117" errors="0" timestamp="2023-12-05T19:12:16 IST" skipped="0">
  <testcase classname="com.testcase.SignupTest" name="Signup" time="31.117"/>
</testsuite> <!-- com.testcase.SignupTest -->
