<?xml version="1.0" encoding="UTF-8"?>
<!-- Generated by org.testng.reporters.JUnitReportReporter -->
<testsuite hostname="DESKTOP-I797OE1" failures="0" tests="3" name="com.testcase.LoginTest" time="41.501" errors="0" timestamp="2023-11-27T17:41:00 IST" skipped="0">
  <testcase classname="com.testcase.LoginTest" name="LoginwithValidCredentials" time="12.837"/>
  <testcase classname="com.testcase.LoginTest" name="LoginwithInvalidCredentials" time="11.444"/>
  <testcase classname="com.testcase.LoginTest" name="LoginwithInvalidEmail" time="17.220"/>
</testsuite> <!-- com.testcase.LoginTest -->
