<?xml version="1.0" encoding="UTF-8"?>
<!-- Generated by org.testng.reporters.JUnitReportReporter -->
<testsuite hostname="DESKTOP-I797OE1" failures="0" tests="1" name="com.testcase.LoginTest" time="31.539" errors="0" timestamp="2023-12-04T19:16:11 IST" skipped="0">
  <testcase classname="com.testcase.LoginTest" name="LoginwithValidCredentials" time="31.539"/>
</testsuite> <!-- com.testcase.LoginTest -->
